<?xml version="1.0" encoding="UTF-8"?>
<coverage generated="1693154221209" clover="3.2.0">
  <project timestamp="1693154221209" name="All files">
    <metrics statements="85" coveredstatements="62" conditionals="4" coveredconditionals="4" methods="25" coveredmethods="12" elements="114" coveredelements="78" complexity="0" loc="85" ncloc="85" packages="9" files="9" classes="9"/>
    <package name="components.card">
      <metrics statements="7" coveredstatements="4" conditionals="0" coveredconditionals="0" methods="2" coveredmethods="0"/>
      <file name="card.tsx" path="C:\Users\jalva\Desktop\bootcamp\Week 6\week6weekendfrontend\src\components\card\card.tsx">
        <metrics statements="7" coveredstatements="4" conditionals="0" coveredconditionals="0" methods="2" coveredmethods="0"/>
        <line num="1" count="2" type="stmt"/>
        <line num="2" count="2" type="stmt"/>
        <line num="4" count="2" type="stmt"/>
        <line num="10" count="2" type="stmt"/>
        <line num="11" count="0" type="stmt"/>
        <line num="13" count="0" type="stmt"/>
        <line num="15" count="0" type="stmt"/>
      </file>
    </package>
    <package name="components.footer">
      <metrics statements="3" coveredstatements="3" conditionals="0" coveredconditionals="0" methods="1" coveredmethods="1"/>
      <file name="footer.tsx" path="C:\Users\jalva\Desktop\bootcamp\Week 6\week6weekendfrontend\src\components\footer\footer.tsx">
        <metrics statements="3" coveredstatements="3" conditionals="0" coveredconditionals="0" methods="1" coveredmethods="1"/>
        <line num="1" count="1" type="stmt"/>
        <line num="3" count="1" type="stmt"/>
        <line num="4" count="1" type="stmt"/>
      </file>
    </package>
    <package name="components.header">
      <metrics statements="3" coveredstatements="3" conditionals="0" coveredconditionals="0" methods="1" coveredmethods="1"/>
      <file name="header.tsx" path="C:\Users\jalva\Desktop\bootcamp\Week 6\week6weekendfrontend\src\components\header\header.tsx">
        <metrics statements="3" coveredstatements="3" conditionals="0" coveredconditionals="0" methods="1" coveredmethods="1"/>
        <line num="1" count="1" type="stmt"/>
        <line num="3" count="1" type="stmt"/>
        <line num="4" count="1" type="stmt"/>
      </file>
    </package>
    <package name="components.home">
      <metrics statements="3" coveredstatements="3" conditionals="0" coveredconditionals="0" methods="1" coveredmethods="1"/>
      <file name="home.tsx" path="C:\Users\jalva\Desktop\bootcamp\Week 6\week6weekendfrontend\src\components\home\home.tsx">
        <metrics statements="3" coveredstatements="3" conditionals="0" coveredconditionals="0" methods="1" coveredmethods="1"/>
        <line num="1" count="1" type="stmt"/>
        <line num="3" count="1" type="stmt"/>
        <line num="4" count="3" type="stmt"/>
      </file>
    </package>
    <package name="components.players">
      <metrics statements="10" coveredstatements="8" conditionals="0" coveredconditionals="0" methods="3" coveredmethods="1"/>
      <file name="players.tsx" path="C:\Users\jalva\Desktop\bootcamp\Week 6\week6weekendfrontend\src\components\players\players.tsx">
        <metrics statements="10" coveredstatements="8" conditionals="0" coveredconditionals="0" methods="3" coveredmethods="1"/>
        <line num="1" count="2" type="stmt"/>
        <line num="2" count="2" type="stmt"/>
        <line num="4" count="2" type="stmt"/>
        <line num="5" count="2" type="stmt"/>
        <line num="7" count="2" type="stmt"/>
        <line num="8" count="14" type="stmt"/>
        <line num="10" count="9" type="stmt"/>
        <line num="11" count="0" type="stmt"/>
        <line num="14" count="8" type="stmt"/>
        <line num="18" count="0" type="stmt"/>
      </file>
    </package>
    <package name="hooks">
      <metrics statements="18" coveredstatements="8" conditionals="0" coveredconditionals="0" methods="7" coveredmethods="2"/>
      <file name="usePlayers.ts" path="C:\Users\jalva\Desktop\bootcamp\Week 6\week6weekendfrontend\src\hooks\usePlayers.ts">
        <metrics statements="18" coveredstatements="8" conditionals="0" coveredconditionals="0" methods="7" coveredmethods="2"/>
        <line num="1" count="2" type="stmt"/>
        <line num="2" count="2" type="stmt"/>
        <line num="4" count="2" type="stmt"/>
        <line num="10" count="2" type="stmt"/>
        <line num="13" count="2" type="stmt"/>
        <line num="14" count="5" type="stmt"/>
        <line num="16" count="4" type="stmt"/>
        <line num="22" count="4" type="stmt"/>
        <line num="23" count="0" type="stmt"/>
        <line num="25" count="0" type="stmt"/>
        <line num="26" count="0" type="stmt"/>
        <line num="29" count="0" type="stmt"/>
        <line num="30" count="0" type="stmt"/>
        <line num="33" count="0" type="stmt"/>
        <line num="34" count="0" type="stmt"/>
        <line num="37" count="0" type="stmt"/>
        <line num="38" count="0" type="stmt"/>
        <line num="41" count="0" type="stmt"/>
      </file>
    </package>
    <package name="pages.home">
      <metrics statements="5" coveredstatements="5" conditionals="0" coveredconditionals="0" methods="1" coveredmethods="1"/>
      <file name="home.page.tsx" path="C:\Users\jalva\Desktop\bootcamp\Week 6\week6weekendfrontend\src\pages\home\home.page.tsx">
        <metrics statements="5" coveredstatements="5" conditionals="0" coveredconditionals="0" methods="1" coveredmethods="1"/>
        <line num="1" count="1" type="stmt"/>
        <line num="2" count="1" type="stmt"/>
        <line num="3" count="1" type="stmt"/>
        <line num="6" count="3" type="stmt"/>
        <line num="22" count="1" type="stmt"/>
      </file>
    </package>
    <package name="redux">
      <metrics statements="13" coveredstatements="5" conditionals="0" coveredconditionals="0" methods="4" coveredmethods="0"/>
      <file name="playersthunks.ts" path="C:\Users\jalva\Desktop\bootcamp\Week 6\week6weekendfrontend\src\redux\playersthunks.ts">
        <metrics statements="13" coveredstatements="5" conditionals="0" coveredconditionals="0" methods="4" coveredmethods="0"/>
        <line num="1" count="2" type="stmt"/>
        <line num="5" count="2" type="stmt"/>
        <line num="8" count="0" type="stmt"/>
        <line num="11" count="0" type="stmt"/>
        <line num="15" count="2" type="stmt"/>
        <line num="22" count="0" type="stmt"/>
        <line num="23" count="0" type="stmt"/>
        <line num="26" count="2" type="stmt"/>
        <line num="33" count="0" type="stmt"/>
        <line num="34" count="0" type="stmt"/>
        <line num="37" count="2" type="stmt"/>
        <line num="44" count="0" type="stmt"/>
        <line num="45" count="0" type="stmt"/>
      </file>
    </package>
    <package name="services">
      <metrics statements="23" coveredstatements="23" conditionals="4" coveredconditionals="4" methods="5" coveredmethods="5"/>
      <file name="api-player-repository.ts" path="C:\Users\jalva\Desktop\bootcamp\Week 6\week6weekendfrontend\src\services\api-player-repository.ts">
        <metrics statements="23" coveredstatements="23" conditionals="4" coveredconditionals="4" methods="5" coveredmethods="5"/>
        <line num="3" count="3" type="stmt"/>
        <line num="4" count="8" type="stmt"/>
        <line num="6" count="8" type="stmt"/>
        <line num="10" count="2" type="stmt"/>
        <line num="11" count="2" type="cond" truecount="1" falsecount="0"/>
        <line num="12" count="1" type="stmt"/>
        <line num="16" count="1" type="stmt"/>
        <line num="17" count="1" type="stmt"/>
        <line num="21" count="2" type="stmt"/>
        <line num="28" count="2" type="cond" truecount="1" falsecount="0"/>
        <line num="29" count="1" type="stmt"/>
        <line num="30" count="1" type="stmt"/>
        <line num="31" count="1" type="stmt"/>
        <line num="35" count="2" type="stmt"/>
        <line num="36" count="2" type="stmt"/>
        <line num="40" count="2" type="cond" truecount="1" falsecount="0"/>
        <line num="41" count="1" type="stmt"/>
        <line num="45" count="2" type="stmt"/>
        <line num="46" count="2" type="stmt"/>
        <line num="53" count="2" type="cond" truecount="1" falsecount="0"/>
        <line num="54" count="1" type="stmt"/>
        <line num="55" count="1" type="stmt"/>
        <line num="56" count="1" type="stmt"/>
      </file>
    </package>
  </project>
</coverage>
