{"C:\\Users\\jalva\\Desktop\\bootcamp\\Week 6\\week6weekendfrontend\\src\\components\\card\\card.tsx": {"path":"C:\\Users\\jalva\\Desktop\\bootcamp\\Week 6\\week6weekendfrontend\\src\\components\\card\\card.tsx","statementMap":{"0":{"start":{"line":1,"column":0},"end":{"line":1,"column":40}},"1":{"start":{"line":3,"column":0},"end":{"line":3,"column":40}},"2":{"start":{"line":10,"column":2},"end":{"line":19,"column":4}},"3":{"start":{"line":9,"column":0},"end":{"line":9,"column":16}}},"fnMap":{"0":{"name":"Card","decl":{"start":{"line":9,"column":16},"end":{"line":9,"column":20}},"loc":{"start":{"line":9,"column":38},"end":{"line":20,"column":1}}}},"branchMap":{},"s":{"0":1,"1":1,"2":0,"3":1},"f":{"0":0},"b":{}}
,"C:\\Users\\jalva\\Desktop\\bootcamp\\Week 6\\week6weekendfrontend\\src\\components\\home\\home.tsx": {"path":"C:\\Users\\jalva\\Desktop\\bootcamp\\Week 6\\week6weekendfrontend\\src\\components\\home\\home.tsx","statementMap":{"0":{"start":{"line":1,"column":0},"end":{"line":1,"column":45}},"1":{"start":{"line":4,"column":2},"end":{"line":8,"column":4}},"2":{"start":{"line":3,"column":0},"end":{"line":3,"column":16}}},"fnMap":{"0":{"name":"Home","decl":{"start":{"line":3,"column":16},"end":{"line":3,"column":20}},"loc":{"start":{"line":3,"column":20},"end":{"line":9,"column":1}}}},"branchMap":{},"s":{"0":1,"1":3,"2":1},"f":{"0":3},"b":{}}
,"C:\\Users\\jalva\\Desktop\\bootcamp\\Week 6\\week6weekendfrontend\\src\\components\\players\\players.tsx": {"path":"C:\\Users\\jalva\\Desktop\\bootcamp\\Week 6\\week6weekendfrontend\\src\\components\\players\\players.tsx","statementMap":{"0":{"start":{"line":1,"column":0},"end":{"line":1,"column":34}},"1":{"start":{"line":2,"column":0},"end":{"line":2,"column":52}},"2":{"start":{"line":4,"column":0},"end":{"line":4,"column":36}},"3":{"start":{"line":5,"column":0},"end":{"line":5,"column":43}},"4":{"start":{"line":8,"column":40},"end":{"line":8,"column":52}},"5":{"start":{"line":10,"column":2},"end":{"line":12,"column":20}},"6":{"start":{"line":11,"column":4},"end":{"line":11,"column":18}},"7":{"start":{"line":14,"column":2},"end":{"line":22,"column":4}},"8":{"start":{"line":18,"column":10},"end":{"line":18,"column":28}},"9":{"start":{"line":7,"column":0},"end":{"line":7,"column":16}}},"fnMap":{"0":{"name":"Players","decl":{"start":{"line":7,"column":16},"end":{"line":7,"column":23}},"loc":{"start":{"line":7,"column":23},"end":{"line":23,"column":1}}},"1":{"name":"(anonymous_2)","decl":{"start":{"line":10,"column":12},"end":{"line":10,"column":15}},"loc":{"start":{"line":10,"column":17},"end":{"line":12,"column":3}}},"2":{"name":"(anonymous_3)","decl":{"start":{"line":17,"column":34},"end":{"line":17,"column":35}},"loc":{"start":{"line":18,"column":10},"end":{"line":18,"column":28}}}},"branchMap":{},"s":{"0":1,"1":1,"2":1,"3":1,"4":5,"5":0,"6":0,"7":0,"8":0,"9":1},"f":{"0":5,"1":0,"2":0},"b":{}}
,"C:\\Users\\jalva\\Desktop\\bootcamp\\Week 6\\week6weekendfrontend\\src\\hooks\\usePlayers.ts": {"path":"C:\\Users\\jalva\\Desktop\\bootcamp\\Week 6\\week6weekendfrontend\\src\\hooks\\usePlayers.ts","statementMap":{"0":{"start":{"line":1,"column":0},"end":{"line":1,"column":45}},"1":{"start":{"line":2,"column":0},"end":{"line":2,"column":55}},"2":{"start":{"line":3,"column":0},"end":{"line":3,"column":51}},"3":{"start":{"line":4,"column":0},"end":{"line":4,"column":72}},"4":{"start":{"line":8,"column":15},"end":{"line":13,"column":null}},"5":{"start":{"line":10,"column":6},"end":{"line":11,"column":null}},"6":{"start":{"line":16,"column":23},"end":{"line":16,"column":77}},"7":{"start":{"line":16,"column":57},"end":{"line":16,"column":76}},"8":{"start":{"line":17,"column":19},"end":{"line":17,"column":45}},"9":{"start":{"line":18,"column":22},"end":{"line":20,"column":22}},"10":{"start":{"line":19,"column":4},"end":{"line":19,"column":30}},"11":{"start":{"line":21,"column":2},"end":{"line":24,"column":4}},"12":{"start":{"line":7,"column":0},"end":{"line":7,"column":16}}},"fnMap":{"0":{"name":"usePlayers","decl":{"start":{"line":7,"column":16},"end":{"line":7,"column":26}},"loc":{"start":{"line":7,"column":26},"end":{"line":25,"column":1}}},"1":{"name":"(anonymous_1)","decl":{"start":{"line":9,"column":4},"end":{"line":9,"column":7}},"loc":{"start":{"line":10,"column":6},"end":{"line":11,"column":null}}},"2":{"name":"(anonymous_2)","decl":{"start":{"line":16,"column":35},"end":{"line":16,"column":36}},"loc":{"start":{"line":16,"column":57},"end":{"line":16,"column":76}}},"3":{"name":"(anonymous_3)","decl":{"start":{"line":18,"column":34},"end":{"line":18,"column":39}},"loc":{"start":{"line":18,"column":45},"end":{"line":20,"column":3}}}},"branchMap":{},"s":{"0":1,"1":1,"2":1,"3":1,"4":5,"5":4,"6":4,"7":0,"8":0,"9":0,"10":0,"11":0,"12":1},"f":{"0":5,"1":4,"2":0,"3":0},"b":{}}
,"C:\\Users\\jalva\\Desktop\\bootcamp\\Week 6\\week6weekendfrontend\\src\\pages\\home.page.tsx": {"path":"C:\\Users\\jalva\\Desktop\\bootcamp\\Week 6\\week6weekendfrontend\\src\\pages\\home.page.tsx","statementMap":{"0":{"start":{"line":1,"column":0},"end":{"line":1,"column":40}},"1":{"start":{"line":2,"column":0},"end":{"line":2,"column":47}},"2":{"start":{"line":3,"column":0},"end":{"line":3,"column":45}},"3":{"start":{"line":6,"column":2},"end":{"line":20,"column":4}},"4":{"start":{"line":22,"column":0},"end":{"line":22,"column":24}}},"fnMap":{"0":{"name":"HomePage","decl":{"start":{"line":5,"column":9},"end":{"line":5,"column":17}},"loc":{"start":{"line":5,"column":17},"end":{"line":21,"column":1}}}},"branchMap":{},"s":{"0":1,"1":1,"2":1,"3":3,"4":1},"f":{"0":3},"b":{}}
,"C:\\Users\\jalva\\Desktop\\bootcamp\\Week 6\\week6weekendfrontend\\src\\redux\\playersthunks.ts": {"path":"C:\\Users\\jalva\\Desktop\\bootcamp\\Week 6\\week6weekendfrontend\\src\\redux\\playersthunks.ts","statementMap":{"0":{"start":{"line":1,"column":0},"end":{"line":1,"column":52}},"1":{"start":{"line":5,"column":13},"end":{"line":13,"column":2}},"2":{"start":{"line":8,"column":20},"end":{"line":9,"column":null}},"3":{"start":{"line":11,"column":4},"end":{"line":11,"column":19}}},"fnMap":{"0":{"name":"(anonymous_0)","decl":{"start":{"line":7,"column":2},"end":{"line":7,"column":7}},"loc":{"start":{"line":7,"column":17},"end":{"line":12,"column":3}}}},"branchMap":{},"s":{"0":1,"1":1,"2":0,"3":0},"f":{"0":0},"b":{}}
,"C:\\Users\\jalva\\Desktop\\bootcamp\\Week 6\\week6weekendfrontend\\src\\services\\api-player-repository.ts": {"path":"C:\\Users\\jalva\\Desktop\\bootcamp\\Week 6\\week6weekendfrontend\\src\\services\\api-player-repository.ts","statementMap":{"0":{"start":{"line":4,"column":2},"end":{"line":4,"column":null}},"1":{"start":{"line":6,"column":4},"end":{"line":6,"column":27}},"2":{"start":{"line":10,"column":20},"end":{"line":10,"column":36}},"3":{"start":{"line":11,"column":4},"end":{"line":15,"column":null}},"4":{"start":{"line":12,"column":6},"end":{"line":14,"column":8}},"5":{"start":{"line":16,"column":17},"end":{"line":16,"column":37}},"6":{"start":{"line":17,"column":4},"end":{"line":17,"column":16}},"7":{"start":{"line":3,"column":0},"end":{"line":3,"column":13}}},"fnMap":{"0":{"name":"(anonymous_0)","decl":{"start":{"line":5,"column":2},"end":{"line":5,"column":14}},"loc":{"start":{"line":5,"column":29},"end":{"line":7,"column":3}}},"1":{"name":"(anonymous_1)","decl":{"start":{"line":9,"column":2},"end":{"line":9,"column":7}},"loc":{"start":{"line":9,"column":26},"end":{"line":18,"column":3}}}},"branchMap":{"0":{"loc":{"start":{"line":11,"column":4},"end":{"line":15,"column":null}},"type":"if","locations":[{"start":{"line":11,"column":4},"end":{"line":15,"column":null}}]}},"s":{"0":4,"1":4,"2":0,"3":0,"4":0,"5":0,"6":0,"7":1},"f":{"0":4,"1":0},"b":{"0":[0]}}
}
