{"C:\\Users\\jalva\\Desktop\\bootcamp\\Week 6\\week6weekendfrontend\\src\\components\\card\\card.tsx": {"path":"C:\\Users\\jalva\\Desktop\\bootcamp\\Week 6\\week6weekendfrontend\\src\\components\\card\\card.tsx","statementMap":{"0":{"start":{"line":1,"column":0},"end":{"line":1,"column":40}},"1":{"start":{"line":2,"column":0},"end":{"line":2,"column":52}},"2":{"start":{"line":4,"column":0},"end":{"line":4,"column":40}},"3":{"start":{"line":11,"column":27},"end":{"line":11,"column":39}},"4":{"start":{"line":13,"column":18},"end":{"line":13,"column":44}},"5":{"start":{"line":13,"column":24},"end":{"line":13,"column":44}},"6":{"start":{"line":15,"column":2},"end":{"line":27,"column":4}},"7":{"start":{"line":10,"column":0},"end":{"line":10,"column":16}}},"fnMap":{"0":{"name":"Card","decl":{"start":{"line":10,"column":16},"end":{"line":10,"column":20}},"loc":{"start":{"line":10,"column":38},"end":{"line":28,"column":1}}},"1":{"name":"(anonymous_2)","decl":{"start":{"line":13,"column":18},"end":{"line":13,"column":21}},"loc":{"start":{"line":13,"column":24},"end":{"line":13,"column":44}}}},"branchMap":{},"s":{"0":2,"1":2,"2":2,"3":0,"4":0,"5":0,"6":0,"7":2},"f":{"0":0,"1":0},"b":{}}
,"C:\\Users\\jalva\\Desktop\\bootcamp\\Week 6\\week6weekendfrontend\\src\\components\\footer\\footer.tsx": {"path":"C:\\Users\\jalva\\Desktop\\bootcamp\\Week 6\\week6weekendfrontend\\src\\components\\footer\\footer.tsx","statementMap":{"0":{"start":{"line":1,"column":0},"end":{"line":1,"column":42}},"1":{"start":{"line":4,"column":2},"end":{"line":8,"column":4}},"2":{"start":{"line":3,"column":0},"end":{"line":3,"column":16}}},"fnMap":{"0":{"name":"Footer","decl":{"start":{"line":3,"column":16},"end":{"line":3,"column":22}},"loc":{"start":{"line":3,"column":22},"end":{"line":9,"column":1}}}},"branchMap":{},"s":{"0":1,"1":1,"2":1},"f":{"0":1},"b":{}}
,"C:\\Users\\jalva\\Desktop\\bootcamp\\Week 6\\week6weekendfrontend\\src\\components\\header\\header.tsx": {"path":"C:\\Users\\jalva\\Desktop\\bootcamp\\Week 6\\week6weekendfrontend\\src\\components\\header\\header.tsx","statementMap":{"0":{"start":{"line":1,"column":0},"end":{"line":1,"column":42}},"1":{"start":{"line":4,"column":2},"end":{"line":8,"column":4}},"2":{"start":{"line":3,"column":0},"end":{"line":3,"column":16}}},"fnMap":{"0":{"name":"Header","decl":{"start":{"line":3,"column":16},"end":{"line":3,"column":22}},"loc":{"start":{"line":3,"column":22},"end":{"line":9,"column":1}}}},"branchMap":{},"s":{"0":1,"1":1,"2":1},"f":{"0":1},"b":{}}
,"C:\\Users\\jalva\\Desktop\\bootcamp\\Week 6\\week6weekendfrontend\\src\\components\\home\\home.tsx": {"path":"C:\\Users\\jalva\\Desktop\\bootcamp\\Week 6\\week6weekendfrontend\\src\\components\\home\\home.tsx","statementMap":{"0":{"start":{"line":1,"column":0},"end":{"line":1,"column":45}},"1":{"start":{"line":4,"column":2},"end":{"line":8,"column":4}},"2":{"start":{"line":3,"column":0},"end":{"line":3,"column":16}}},"fnMap":{"0":{"name":"Home","decl":{"start":{"line":3,"column":16},"end":{"line":3,"column":20}},"loc":{"start":{"line":3,"column":20},"end":{"line":9,"column":1}}}},"branchMap":{},"s":{"0":1,"1":3,"2":1},"f":{"0":3},"b":{}}
,"C:\\Users\\jalva\\Desktop\\bootcamp\\Week 6\\week6weekendfrontend\\src\\components\\players\\players.tsx": {"path":"C:\\Users\\jalva\\Desktop\\bootcamp\\Week 6\\week6weekendfrontend\\src\\components\\players\\players.tsx","statementMap":{"0":{"start":{"line":1,"column":0},"end":{"line":1,"column":34}},"1":{"start":{"line":2,"column":0},"end":{"line":2,"column":52}},"2":{"start":{"line":4,"column":0},"end":{"line":4,"column":36}},"3":{"start":{"line":5,"column":0},"end":{"line":5,"column":43}},"4":{"start":{"line":8,"column":40},"end":{"line":8,"column":52}},"5":{"start":{"line":10,"column":2},"end":{"line":12,"column":20}},"6":{"start":{"line":11,"column":4},"end":{"line":11,"column":18}},"7":{"start":{"line":14,"column":2},"end":{"line":22,"column":4}},"8":{"start":{"line":18,"column":10},"end":{"line":18,"column":28}},"9":{"start":{"line":7,"column":0},"end":{"line":7,"column":16}}},"fnMap":{"0":{"name":"Players","decl":{"start":{"line":7,"column":16},"end":{"line":7,"column":23}},"loc":{"start":{"line":7,"column":23},"end":{"line":23,"column":1}}},"1":{"name":"(anonymous_2)","decl":{"start":{"line":10,"column":12},"end":{"line":10,"column":15}},"loc":{"start":{"line":10,"column":17},"end":{"line":12,"column":3}}},"2":{"name":"(anonymous_3)","decl":{"start":{"line":17,"column":34},"end":{"line":17,"column":35}},"loc":{"start":{"line":18,"column":10},"end":{"line":18,"column":28}}}},"branchMap":{},"s":{"0":2,"1":2,"2":2,"3":2,"4":14,"5":9,"6":0,"7":8,"8":0,"9":2},"f":{"0":14,"1":0,"2":0},"b":{}}
,"C:\\Users\\jalva\\Desktop\\bootcamp\\Week 6\\week6weekendfrontend\\src\\hooks\\usePlayers.ts": {"path":"C:\\Users\\jalva\\Desktop\\bootcamp\\Week 6\\week6weekendfrontend\\src\\hooks\\usePlayers.ts","statementMap":{"0":{"start":{"line":1,"column":0},"end":{"line":1,"column":45}},"1":{"start":{"line":2,"column":0},"end":{"line":2,"column":55}},"2":{"start":{"line":4,"column":0},"end":{"line":4,"column":null}},"3":{"start":{"line":10,"column":0},"end":{"line":10,"column":72}},"4":{"start":{"line":14,"column":15},"end":{"line":19,"column":null}},"5":{"start":{"line":16,"column":6},"end":{"line":17,"column":null}},"6":{"start":{"line":22,"column":23},"end":{"line":22,"column":77}},"7":{"start":{"line":22,"column":57},"end":{"line":22,"column":76}},"8":{"start":{"line":23,"column":19},"end":{"line":23,"column":45}},"9":{"start":{"line":25,"column":22},"end":{"line":27,"column":22}},"10":{"start":{"line":26,"column":4},"end":{"line":26,"column":30}},"11":{"start":{"line":29,"column":20},"end":{"line":31,"column":3}},"12":{"start":{"line":30,"column":4},"end":{"line":30,"column":41}},"13":{"start":{"line":33,"column":23},"end":{"line":35,"column":3}},"14":{"start":{"line":34,"column":4},"end":{"line":34,"column":44}},"15":{"start":{"line":37,"column":23},"end":{"line":39,"column":3}},"16":{"start":{"line":38,"column":4},"end":{"line":38,"column":44}},"17":{"start":{"line":41,"column":2},"end":{"line":47,"column":4}},"18":{"start":{"line":13,"column":0},"end":{"line":13,"column":16}}},"fnMap":{"0":{"name":"usePlayers","decl":{"start":{"line":13,"column":16},"end":{"line":13,"column":26}},"loc":{"start":{"line":13,"column":26},"end":{"line":48,"column":1}}},"1":{"name":"(anonymous_1)","decl":{"start":{"line":15,"column":4},"end":{"line":15,"column":7}},"loc":{"start":{"line":16,"column":6},"end":{"line":17,"column":null}}},"2":{"name":"(anonymous_2)","decl":{"start":{"line":22,"column":35},"end":{"line":22,"column":36}},"loc":{"start":{"line":22,"column":57},"end":{"line":22,"column":76}}},"3":{"name":"(anonymous_3)","decl":{"start":{"line":25,"column":34},"end":{"line":25,"column":39}},"loc":{"start":{"line":25,"column":45},"end":{"line":27,"column":3}}},"4":{"name":"(anonymous_4)","decl":{"start":{"line":29,"column":20},"end":{"line":29,"column":25}},"loc":{"start":{"line":29,"column":53},"end":{"line":31,"column":3}}},"5":{"name":"(anonymous_5)","decl":{"start":{"line":33,"column":23},"end":{"line":33,"column":28}},"loc":{"start":{"line":33,"column":48},"end":{"line":35,"column":3}}},"6":{"name":"(anonymous_6)","decl":{"start":{"line":37,"column":23},"end":{"line":37,"column":28}},"loc":{"start":{"line":37,"column":48},"end":{"line":39,"column":3}}}},"branchMap":{},"s":{"0":2,"1":2,"2":2,"3":2,"4":5,"5":4,"6":4,"7":0,"8":0,"9":0,"10":0,"11":0,"12":0,"13":0,"14":0,"15":0,"16":0,"17":0,"18":2},"f":{"0":5,"1":4,"2":0,"3":0,"4":0,"5":0,"6":0},"b":{}}
,"C:\\Users\\jalva\\Desktop\\bootcamp\\Week 6\\week6weekendfrontend\\src\\pages\\home\\home.page.tsx": {"path":"C:\\Users\\jalva\\Desktop\\bootcamp\\Week 6\\week6weekendfrontend\\src\\pages\\home\\home.page.tsx","statementMap":{"0":{"start":{"line":1,"column":0},"end":{"line":1,"column":40}},"1":{"start":{"line":2,"column":0},"end":{"line":2,"column":50}},"2":{"start":{"line":3,"column":0},"end":{"line":3,"column":45}},"3":{"start":{"line":6,"column":2},"end":{"line":20,"column":4}},"4":{"start":{"line":22,"column":0},"end":{"line":22,"column":24}}},"fnMap":{"0":{"name":"HomePage","decl":{"start":{"line":5,"column":9},"end":{"line":5,"column":17}},"loc":{"start":{"line":5,"column":17},"end":{"line":21,"column":1}}}},"branchMap":{},"s":{"0":1,"1":1,"2":1,"3":3,"4":1},"f":{"0":3},"b":{}}
,"C:\\Users\\jalva\\Desktop\\bootcamp\\Week 6\\week6weekendfrontend\\src\\redux\\playersthunks.ts": {"path":"C:\\Users\\jalva\\Desktop\\bootcamp\\Week 6\\week6weekendfrontend\\src\\redux\\playersthunks.ts","statementMap":{"0":{"start":{"line":1,"column":0},"end":{"line":1,"column":52}},"1":{"start":{"line":5,"column":13},"end":{"line":13,"column":2}},"2":{"start":{"line":8,"column":20},"end":{"line":9,"column":null}},"3":{"start":{"line":11,"column":4},"end":{"line":11,"column":19}},"4":{"start":{"line":15,"column":13},"end":{"line":24,"column":3}},"5":{"start":{"line":22,"column":21},"end":{"line":22,"column":46}},"6":{"start":{"line":23,"column":2},"end":{"line":23,"column":20}},"7":{"start":{"line":26,"column":13},"end":{"line":35,"column":3}},"8":{"start":{"line":33,"column":2},"end":{"line":33,"column":31}},"9":{"start":{"line":34,"column":2},"end":{"line":34,"column":19}},"10":{"start":{"line":37,"column":13},"end":{"line":46,"column":3}},"11":{"start":{"line":44,"column":24},"end":{"line":44,"column":60}},"12":{"start":{"line":45,"column":2},"end":{"line":45,"column":23}}},"fnMap":{"0":{"name":"(anonymous_0)","decl":{"start":{"line":7,"column":2},"end":{"line":7,"column":7}},"loc":{"start":{"line":7,"column":17},"end":{"line":12,"column":3}}},"1":{"name":"(anonymous_1)","decl":{"start":{"line":21,"column":17},"end":{"line":21,"column":22}},"loc":{"start":{"line":21,"column":44},"end":{"line":24,"column":1}}},"2":{"name":"(anonymous_2)","decl":{"start":{"line":32,"column":20},"end":{"line":32,"column":25}},"loc":{"start":{"line":32,"column":47},"end":{"line":35,"column":1}}},"3":{"name":"(anonymous_3)","decl":{"start":{"line":43,"column":20},"end":{"line":43,"column":25}},"loc":{"start":{"line":43,"column":47},"end":{"line":46,"column":1}}}},"branchMap":{},"s":{"0":2,"1":2,"2":0,"3":0,"4":2,"5":0,"6":0,"7":2,"8":0,"9":0,"10":2,"11":0,"12":0},"f":{"0":0,"1":0,"2":0,"3":0},"b":{}}
,"C:\\Users\\jalva\\Desktop\\bootcamp\\Week 6\\week6weekendfrontend\\src\\services\\api-player-repository.ts": {"path":"C:\\Users\\jalva\\Desktop\\bootcamp\\Week 6\\week6weekendfrontend\\src\\services\\api-player-repository.ts","statementMap":{"0":{"start":{"line":4,"column":2},"end":{"line":4,"column":null}},"1":{"start":{"line":6,"column":4},"end":{"line":6,"column":27}},"2":{"start":{"line":10,"column":20},"end":{"line":10,"column":36}},"3":{"start":{"line":11,"column":4},"end":{"line":15,"column":null}},"4":{"start":{"line":12,"column":6},"end":{"line":14,"column":8}},"5":{"start":{"line":16,"column":17},"end":{"line":16,"column":37}},"6":{"start":{"line":17,"column":4},"end":{"line":17,"column":16}},"7":{"start":{"line":21,"column":21},"end":{"line":27,"column":6}},"8":{"start":{"line":28,"column":4},"end":{"line":29,"column":74}},"9":{"start":{"line":29,"column":6},"end":{"line":29,"column":74}},"10":{"start":{"line":30,"column":17},"end":{"line":30,"column":38}},"11":{"start":{"line":31,"column":4},"end":{"line":31,"column":16}},"12":{"start":{"line":35,"column":16},"end":{"line":35,"column":39}},"13":{"start":{"line":36,"column":21},"end":{"line":38,"column":6}},"14":{"start":{"line":40,"column":4},"end":{"line":41,"column":74}},"15":{"start":{"line":41,"column":6},"end":{"line":41,"column":74}},"16":{"start":{"line":45,"column":16},"end":{"line":45,"column":39}},"17":{"start":{"line":46,"column":21},"end":{"line":52,"column":6}},"18":{"start":{"line":53,"column":4},"end":{"line":54,"column":74}},"19":{"start":{"line":54,"column":6},"end":{"line":54,"column":74}},"20":{"start":{"line":55,"column":17},"end":{"line":55,"column":38}},"21":{"start":{"line":56,"column":4},"end":{"line":56,"column":16}},"22":{"start":{"line":3,"column":0},"end":{"line":3,"column":13}}},"fnMap":{"0":{"name":"(anonymous_0)","decl":{"start":{"line":5,"column":2},"end":{"line":5,"column":14}},"loc":{"start":{"line":5,"column":29},"end":{"line":7,"column":3}}},"1":{"name":"(anonymous_1)","decl":{"start":{"line":9,"column":2},"end":{"line":9,"column":7}},"loc":{"start":{"line":9,"column":26},"end":{"line":18,"column":3}}},"2":{"name":"(anonymous_2)","decl":{"start":{"line":20,"column":2},"end":{"line":20,"column":7}},"loc":{"start":{"line":20,"column":35},"end":{"line":32,"column":3}}},"3":{"name":"(anonymous_3)","decl":{"start":{"line":34,"column":2},"end":{"line":34,"column":7}},"loc":{"start":{"line":34,"column":25},"end":{"line":42,"column":3}}},"4":{"name":"(anonymous_4)","decl":{"start":{"line":44,"column":2},"end":{"line":44,"column":7}},"loc":{"start":{"line":44,"column":48},"end":{"line":57,"column":3}}}},"branchMap":{"0":{"loc":{"start":{"line":11,"column":4},"end":{"line":15,"column":null}},"type":"if","locations":[{"start":{"line":11,"column":4},"end":{"line":15,"column":null}}]},"1":{"loc":{"start":{"line":28,"column":4},"end":{"line":29,"column":74}},"type":"if","locations":[{"start":{"line":28,"column":4},"end":{"line":29,"column":74}}]},"2":{"loc":{"start":{"line":40,"column":4},"end":{"line":41,"column":74}},"type":"if","locations":[{"start":{"line":40,"column":4},"end":{"line":41,"column":74}}]},"3":{"loc":{"start":{"line":53,"column":4},"end":{"line":54,"column":74}},"type":"if","locations":[{"start":{"line":53,"column":4},"end":{"line":54,"column":74}}]}},"s":{"0":8,"1":8,"2":2,"3":2,"4":1,"5":1,"6":1,"7":2,"8":2,"9":1,"10":1,"11":1,"12":2,"13":2,"14":2,"15":1,"16":2,"17":2,"18":2,"19":1,"20":1,"21":1,"22":3},"f":{"0":8,"1":2,"2":2,"3":2,"4":2},"b":{"0":[1],"1":[1],"2":[1],"3":[1]}}
}
