TN:
SF:src\components\card\card.tsx
FN:8,Card
FNF:1
FNH:1
FNDA:1,Card
DA:2,2
DA:8,2
DA:9,1
LF:3
LH:3
BRF:0
BRH:0
end_of_record
TN:
SF:src\components\footer\footer.tsx
FN:3,Footer
FNF:1
FNH:1
FNDA:1,Footer
DA:1,1
DA:3,1
DA:4,1
LF:3
LH:3
BRF:0
BRH:0
end_of_record
TN:
SF:src\components\header\header.tsx
FN:3,Header
FNF:1
FNH:1
FNDA:1,Header
DA:1,1
DA:3,1
DA:4,1
LF:3
LH:3
BRF:0
BRH:0
end_of_record
TN:
SF:src\components\players\players.tsx
FN:7,Players
FN:10,(anonymous_2)
FN:17,(anonymous_3)
FNF:3
FNH:1
FNDA:9,Players
FNDA:0,(anonymous_2)
FNDA:0,(anonymous_3)
DA:1,1
DA:2,1
DA:4,1
DA:5,1
DA:7,1
DA:8,9
DA:10,9
DA:11,0
DA:14,8
DA:18,0
LF:10
LH:8
BRF:0
BRH:0
end_of_record
TN:
SF:src\hooks\usePlayers.ts
FN:7,usePlayers
FN:9,(anonymous_1)
FN:16,(anonymous_2)
FN:18,(anonymous_3)
FNF:4
FNH:0
FNDA:0,usePlayers
FNDA:0,(anonymous_1)
FNDA:0,(anonymous_2)
FNDA:0,(anonymous_3)
DA:1,1
DA:2,1
DA:3,1
DA:4,1
DA:7,1
DA:8,0
DA:10,0
DA:16,0
DA:17,0
DA:18,0
DA:19,0
DA:21,0
LF:12
LH:5
BRF:0
BRH:0
end_of_record
TN:
SF:src\redux\playersthunks.ts
FN:7,(anonymous_0)
FNF:1
FNH:1
FNDA:1,(anonymous_0)
DA:1,2
DA:5,2
DA:8,1
DA:11,1
LF:4
LH:4
BRF:0
BRH:0
end_of_record
TN:
SF:src\redux\slice.ts
FN:19,(anonymous_0)
FN:20,(anonymous_1)
FN:25,(anonymous_2)
FNF:3
FNH:3
FNDA:1,(anonymous_0)
FNDA:1,(anonymous_1)
FNDA:1,(anonymous_2)
DA:1,1
DA:3,1
DA:10,1
DA:15,1
DA:20,1
DA:21,1
DA:23,1
DA:26,1
DA:27,1
DA:33,1
DA:34,1
LF:11
LH:11
BRF:0
BRH:0
end_of_record
TN:
SF:src\services\api-player-repository.ts
FN:5,(anonymous_0)
FN:9,(anonymous_1)
FNF:2
FNH:2
FNDA:1,(anonymous_0)
FNDA:2,(anonymous_1)
DA:3,2
DA:4,1
DA:6,1
DA:10,2
DA:11,2
DA:12,1
DA:16,1
DA:17,1
LF:8
LH:8
BRDA:11,0,0,1
BRF:1
BRH:1
end_of_record
TN:
SF:src\store\store.ts
FNF:0
FNH:0
DA:1,1
DA:2,1
DA:4,1
LF:3
LH:3
BRF:0
BRH:0
end_of_record
