TN:
SF:src\components\card\card.tsx
FN:9,Card
FNF:1
FNH:0
FNDA:0,Card
DA:1,1
DA:3,1
DA:9,1
DA:10,0
LF:4
LH:3
BRF:0
BRH:0
end_of_record
TN:
SF:src\components\home\home.tsx
FN:3,Home
FNF:1
FNH:1
FNDA:3,Home
DA:1,1
DA:3,1
DA:4,3
LF:3
LH:3
BRF:0
BRH:0
end_of_record
TN:
SF:src\components\players\players.tsx
FN:7,Players
FN:10,(anonymous_2)
FN:17,(anonymous_3)
FNF:3
FNH:1
FNDA:5,Players
FNDA:0,(anonymous_2)
FNDA:0,(anonymous_3)
DA:1,1
DA:2,1
DA:4,1
DA:5,1
DA:7,1
DA:8,5
DA:10,0
DA:11,0
DA:14,0
DA:18,0
LF:10
LH:6
BRF:0
BRH:0
end_of_record
TN:
SF:src\hooks\usePlayers.ts
FN:7,usePlayers
FN:9,(anonymous_1)
FN:16,(anonymous_2)
FN:18,(anonymous_3)
FNF:4
FNH:2
FNDA:5,usePlayers
FNDA:4,(anonymous_1)
FNDA:0,(anonymous_2)
FNDA:0,(anonymous_3)
DA:1,1
DA:2,1
DA:3,1
DA:4,1
DA:7,1
DA:8,5
DA:10,4
DA:16,4
DA:17,0
DA:18,0
DA:19,0
DA:21,0
LF:12
LH:8
BRF:0
BRH:0
end_of_record
TN:
SF:src\pages\home.page.tsx
FN:5,HomePage
FNF:1
FNH:1
FNDA:3,HomePage
DA:1,1
DA:2,1
DA:3,1
DA:6,3
DA:22,1
LF:5
LH:5
BRF:0
BRH:0
end_of_record
TN:
SF:src\redux\playersthunks.ts
FN:7,(anonymous_0)
FNF:1
FNH:0
FNDA:0,(anonymous_0)
DA:1,1
DA:5,1
DA:8,0
DA:11,0
LF:4
LH:2
BRF:0
BRH:0
end_of_record
TN:
SF:src\services\api-player-repository.ts
FN:5,(anonymous_0)
FN:9,(anonymous_1)
FNF:2
FNH:1
FNDA:4,(anonymous_0)
FNDA:0,(anonymous_1)
DA:3,1
DA:4,4
DA:6,4
DA:10,0
DA:11,0
DA:12,0
DA:16,0
DA:17,0
LF:8
LH:3
BRDA:11,0,0,0
BRF:1
BRH:0
end_of_record
